<?xml version="1.0" encoding="UTF-8"?>
<!-- Generated by org.testng.reporters.JUnitXMLReporter -->
<testsuite hostname="STPLDEV57" ignored="0" name="cfpAdd" tests="1" failures="0" timestamp="03 May 2019 10:31:45 GMT" time="57.892" errors="0">
  <testcase name="@BeforeTest loadingDriver" time="57.862" classname="com.stpl.deepak.gtn.companymaster.AddCompanyTest">
    <failure type="org.openqa.selenium.ElementClickInterceptedException" message="element click intercepted: Element &amp;lt;tr class=&amp;quot;v-grid-row&amp;quot; role=&amp;quot;rowheader&amp;quot; style=&amp;quot;width: 1677px;&amp;quot;&amp;gt;...&amp;lt;/tr&amp;gt; is not clickable at point (536, 372). Other element would receive the click: &amp;lt;th class=&amp;quot;v-grid-cell sortable&amp;quot; role=&amp;quot;columnheader&amp;quot; colspan=&amp;quot;1&amp;quot; style=&amp;quot;height: 38px; width: 221px;&amp;quot; aria-sort=&amp;quot;none&amp;quot;&amp;gt;...&amp;lt;/th&amp;gt;
  (Session info: chrome=74.0.3729.131)
  (Driver info: chromedriver=74.0.3729.6 (255758eccf3d244491b8a1317aa76e1ce10d57e9-refs/branch-heads/3729@{#29}),platform=Windows NT 10.0.17134 x86_64) (WARNING: The server did not provide any stacktrace information)
Command duration or timeout: 0 milliseconds
Build info: version: &amp;apos;3.9.1&amp;apos;, revision: &amp;apos;63f7b50&amp;apos;, time: &amp;apos;2018-02-07T22:25:02.294Z&amp;apos;
System info: host: &amp;apos;STPLDEV57&amp;apos;, ip: &amp;apos;10.4.48.210&amp;apos;, os.name: &amp;apos;Windows 10&amp;apos;, os.arch: &amp;apos;amd64&amp;apos;, os.version: &amp;apos;10.0&amp;apos;, java.version: &amp;apos;1.8.0_101&amp;apos;
Driver info: org.openqa.selenium.chrome.ChromeDriver
Capabilities {acceptInsecureCerts: false, acceptSslCerts: false, applicationCacheEnabled: false, browserConnectionEnabled: false, browserName: chrome, chrome: {chromedriverVersion: 74.0.3729.6 (255758eccf3d24..., userDataDir: C:\Users\DEEPAK~1.000\AppDa...}, cssSelectorsEnabled: true, databaseEnabled: false, goog:chromeOptions: {debuggerAddress: localhost:56544}, handlesAlerts: true, hasTouchScreen: false, javascriptEnabled: true, locationContextEnabled: true, mobileEmulationEnabled: false, nativeEvents: true, networkConnectionEnabled: false, pageLoadStrategy: normal, platform: XP, platformName: XP, proxy: Proxy(), rotatable: false, setWindowRect: true, strictFileInteractability: false, takesHeapSnapshot: true, takesScreenshot: true, timeouts: {implicit: 0, pageLoad: 300000, script: 30000}, unexpectedAlertBehaviour: ignore, unhandledPromptBehavior: ignore, version: 74.0.3729.131, webStorageEnabled: true}
Session ID: f28db442e2d0ed4a0477902377f546ca">
      <![CDATA[org.openqa.selenium.ElementClickInterceptedException: element click intercepted: Element <tr class="v-grid-row" role="rowheader" style="width: 1677px;">...</tr> is not clickable at point (536, 372). Other element would receive the click: <th class="v-grid-cell sortable" role="columnheader" colspan="1" style="height: 38px; width: 221px;" aria-sort="none">...</th>
  (Session info: chrome=74.0.3729.131)
  (Driver info: chromedriver=74.0.3729.6 (255758eccf3d244491b8a1317aa76e1ce10d57e9-refs/branch-heads/3729@{#29}),platform=Windows NT 10.0.17134 x86_64) (WARNING: The server did not provide any stacktrace information)
Command duration or timeout: 0 milliseconds
Build info: version: '3.9.1', revision: '63f7b50', time: '2018-02-07T22:25:02.294Z'
System info: host: 'STPLDEV57', ip: '10.4.48.210', os.name: 'Windows 10', os.arch: 'amd64', os.version: '10.0', java.version: '1.8.0_101'
Driver info: org.openqa.selenium.chrome.ChromeDriver
Capabilities {acceptInsecureCerts: false, acceptSslCerts: false, applicationCacheEnabled: false, browserConnectionEnabled: false, browserName: chrome, chrome: {chromedriverVersion: 74.0.3729.6 (255758eccf3d24..., userDataDir: C:\Users\DEEPAK~1.000\AppDa...}, cssSelectorsEnabled: true, databaseEnabled: false, goog:chromeOptions: {debuggerAddress: localhost:56544}, handlesAlerts: true, hasTouchScreen: false, javascriptEnabled: true, locationContextEnabled: true, mobileEmulationEnabled: false, nativeEvents: true, networkConnectionEnabled: false, pageLoadStrategy: normal, platform: XP, platformName: XP, proxy: Proxy(), rotatable: false, setWindowRect: true, strictFileInteractability: false, takesHeapSnapshot: true, takesScreenshot: true, timeouts: {implicit: 0, pageLoad: 300000, script: 30000}, unexpectedAlertBehaviour: ignore, unhandledPromptBehavior: ignore, version: 74.0.3729.131, webStorageEnabled: true}
Session ID: f28db442e2d0ed4a0477902377f546ca
at org.openqa.selenium.remote.ErrorHandler.createThrowable(ErrorHandler.java:214)
at org.openqa.selenium.remote.ErrorHandler.throwIfResponseFailed(ErrorHandler.java:166)
at org.openqa.selenium.remote.http.JsonHttpResponseCodec.reconstructValue(JsonHttpResponseCodec.java:40)
at org.openqa.selenium.remote.http.AbstractHttpResponseCodec.decode(AbstractHttpResponseCodec.java:80)
at org.openqa.selenium.remote.http.AbstractHttpResponseCodec.decode(AbstractHttpResponseCodec.java:44)
at org.openqa.selenium.remote.HttpCommandExecutor.execute(HttpCommandExecutor.java:160)
at org.openqa.selenium.remote.service.DriverCommandExecutor.execute(DriverCommandExecutor.java:83)
at org.openqa.selenium.remote.RemoteWebDriver.execute(RemoteWebDriver.java:601)
at org.openqa.selenium.remote.RemoteWebElement.execute(RemoteWebElement.java:279)
at org.openqa.selenium.remote.RemoteWebElement.click(RemoteWebElement.java:83)
at com.stpl.deepak.gtn.utlity.FindAction.applyAction(FindAction.java:15)
at com.stpl.deepak.gtn.companymaster.AddCompanyTest.loadingDriver(AddCompanyTest.java:103)
... Removed 28 stack frames]]>
    </failure>
  </testcase> <!-- @BeforeTest loadingDriver -->
  <testcase name="@AfterTest cleanUp" time="0.0" classname="com.stpl.deepak.gtn.companymaster.AddCompanyTest">
    <skipped/>
  </testcase> <!-- @AfterTest cleanUp -->
  <testcase name="addCompany" time="0.0" classname="com.stpl.deepak.gtn.companymaster.AddCompanyTest">
    <skipped/>
  </testcase> <!-- addCompany -->
</testsuite> <!-- cfpAdd -->
